<?xml version="1.0" encoding="UTF-8"?>
<!-- Generated by org.testng.reporters.JUnitReportReporter -->
<testsuite skipped="4" hostname="DESKTOP-8UMRB5T" name="tests.HotelLogin" tests="6" failures="0" timestamp="08 Jul 2020 03:14:42 GMT" time="34.305" errors="0">
  <testcase name="loginToHotelPage" time="18.332" classname="tests.HotelLogin"/>
  <testcase name="loginWithParameters" time="15.973" classname="tests.HotelLogin"/>
  <testcase name="testfive" classname="tests.HotelLogin">
    <skipped/>
  </testcase> <!-- testfive -->
  <testcase name="testfour" classname="tests.HotelLogin">
    <skipped/>
  </testcase> <!-- testfour -->
  <testcase name="testthree" classname="tests.HotelLogin">
    <skipped/>
  </testcase> <!-- testthree -->
  <testcase name="testsix" classname="tests.HotelLogin">
    <skipped/>
  </testcase> <!-- testsix -->
</testsuite> <!-- tests.HotelLogin -->
