<?xml version="1.0" encoding="UTF-8"?>
<!-- Generated by org.testng.reporters.JUnitReportReporter -->
<testsuite skipped="0" hostname="DESKTOP-8UMRB5T" name="tests.TestNGConcepts" tests="3" failures="0" timestamp="08 Jul 2020 02:54:17 GMT" time="0.022" errors="0">
  <testcase name="logout" time="0.002" classname="tests.TestNGConcepts"/>
  <testcase name="dashboard" time="0.003" classname="tests.TestNGConcepts"/>
  <testcase name="customerPage" time="0.017" classname="tests.TestNGConcepts"/>
</testsuite> <!-- tests.TestNGConcepts -->
