<?xml version="1.0" encoding="UTF-8"?>
<!-- Generated by org.testng.reporters.JUnitReportReporter -->
<testsuite skipped="0" hostname="DESKTOP-8UMRB5T" name="tests.TestNGSmoke" tests="1" failures="0" timestamp="10 Jul 2020 02:10:35 GMT" time="17.995" errors="0">
  <testcase name="createAccount" time="17.995" classname="tests.TestNGSmoke"/>
</testsuite> <!-- tests.TestNGSmoke -->
