<?xml version="1.0" encoding="UTF-8"?>
<!-- Generated by org.testng.reporters.JUnitReportReporter -->
<testsuite skipped="0" hostname="DESKTOP-8UMRB5T" name="tests.CreateAccount" tests="1" failures="0" timestamp="10 Jul 2020 00:19:30 GMT" time="16.752" errors="0">
  <testcase name="createAccount" time="16.752" classname="tests.CreateAccount"/>
</testsuite> <!-- tests.CreateAccount -->
